<?xml version="1.0" encoding="UTF-8"?>
<testng-results skipped="0" failed="0" ignored="0" total="1" passed="1">
  <reporter-output>
  </reporter-output>
  <suite name="Suite" duration-ms="11607" started-at="2018-06-23T08:57:17Z" finished-at="2018-06-23T08:57:29Z">
    <groups>
    </groups>
    <test name="Test" duration-ms="11607" started-at="2018-06-23T08:57:17Z" finished-at="2018-06-23T08:57:29Z">
      <class name="sampleGitTest2.SampleGitTest2">
        <test-method status="PASS" signature="loginTest()[pri:0, instance:sampleGitTest2.SampleGitTest2@3f0ee7cb]" name="loginTest" duration-ms="11578" started-at="2018-06-23T14:27:17Z" finished-at="2018-06-23T14:27:29Z">
          <reporter-output>
          </reporter-output>
        </test-method> <!-- loginTest -->
      </class> <!-- sampleGitTest2.SampleGitTest2 -->
    </test> <!-- Test -->
  </suite> <!-- Suite -->
</testng-results>
