<?xml version="1.0" encoding="UTF-8"?>
<testng-results skipped="0" failed="0" ignored="0" total="1" passed="1">
  <reporter-output>
  </reporter-output>
  <suite name="Default suite" duration-ms="11623" started-at="2018-06-17T08:51:54Z" finished-at="2018-06-17T08:52:06Z">
    <groups>
    </groups>
    <test name="Default test" duration-ms="11623" started-at="2018-06-17T08:51:54Z" finished-at="2018-06-17T08:52:06Z">
      <class name="sampleGitTest.SampleGitTest">
        <test-method status="PASS" signature="loginTest()[pri:0, instance:sampleGitTest.SampleGitTest@6b9651f3]" name="loginTest" duration-ms="11586" started-at="2018-06-17T08:51:54Z" finished-at="2018-06-17T08:52:06Z">
          <reporter-output>
          </reporter-output>
        </test-method> <!-- loginTest -->
      </class> <!-- sampleGitTest.SampleGitTest -->
    </test> <!-- Default test -->
  </suite> <!-- Default suite -->
</testng-results>
